2024-08-01 13:59:55.347 - Info	
Packing C:\Users\6143115\source\repos\PCPOCPRO\Solutions\obj\Debug\Metadata to bin\Debug\Solutions.zip

2024-08-01 13:59:55.357 - Info	Processing Component: Entities
2024-08-01 13:59:55.360 - Info	Processing Component: Roles
2024-08-01 13:59:55.363 - Info	Processing Component: Workflows
2024-08-01 13:59:55.363 - Info	Processing Component: FieldSecurityProfiles
2024-08-01 13:59:55.364 - Info	Processing Component: Templates
2024-08-01 13:59:55.365 - Info	Processing Component: EntityMaps
2024-08-01 13:59:55.365 - Info	Processing Component: EntityRelationships
2024-08-01 13:59:55.368 - Info	Processing Component: OrganizationSettings
2024-08-01 13:59:55.369 - Info	Processing Component: optionsets
2024-08-01 13:59:55.369 - Info	Processing Component: CustomControls
2024-08-01 13:59:55.378 - Info	 - POCProMxContact.ContactControl
2024-08-01 13:59:55.382 - Info	Processing Component: SolutionPluginAssemblies
2024-08-01 13:59:55.383 - Info	Processing Component: EntityDataProviders
2024-08-01 13:59:55.387 - Info	Processing Sharded Component Files
2024-08-01 13:59:55.418 - Info	
Unmanaged Pack complete.

2024-08-01 18:49:55.127 - Info	
Packing C:\Users\6143115\source\repos\PCPOCPRO\Solutions\obj\Debug\Metadata to bin\Debug\Solutions.zip

2024-08-01 18:49:55.137 - Info	Processing Component: Entities
2024-08-01 18:49:55.141 - Info	Processing Component: Roles
2024-08-01 18:49:55.144 - Info	Processing Component: Workflows
2024-08-01 18:49:55.145 - Info	Processing Component: FieldSecurityProfiles
2024-08-01 18:49:55.146 - Info	Processing Component: Templates
2024-08-01 18:49:55.147 - Info	Processing Component: EntityMaps
2024-08-01 18:49:55.148 - Info	Processing Component: EntityRelationships
2024-08-01 18:49:55.151 - Info	Processing Component: OrganizationSettings
2024-08-01 18:49:55.152 - Info	Processing Component: optionsets
2024-08-01 18:49:55.152 - Info	Processing Component: CustomControls
2024-08-01 18:49:55.160 - Info	 - POCProMxContact.ContactControl
2024-08-01 18:49:55.164 - Info	Processing Component: SolutionPluginAssemblies
2024-08-01 18:49:55.165 - Info	Processing Component: EntityDataProviders
2024-08-01 18:49:55.170 - Info	Processing Sharded Component Files
2024-08-01 18:49:55.206 - Info	
Unmanaged Pack complete.

2024-08-01 18:53:32.496 - Info	
Packing C:\Users\6143115\source\repos\PCPOCPRO\Solutions\obj\Debug\Metadata to bin\Debug\Solutions.zip

2024-08-01 18:53:32.507 - Info	Processing Component: Entities
2024-08-01 18:53:32.509 - Info	Processing Component: Roles
2024-08-01 18:53:32.512 - Info	Processing Component: Workflows
2024-08-01 18:53:32.512 - Info	Processing Component: FieldSecurityProfiles
2024-08-01 18:53:32.514 - Info	Processing Component: Templates
2024-08-01 18:53:32.515 - Info	Processing Component: EntityMaps
2024-08-01 18:53:32.516 - Info	Processing Component: EntityRelationships
2024-08-01 18:53:32.518 - Info	Processing Component: OrganizationSettings
2024-08-01 18:53:32.519 - Info	Processing Component: optionsets
2024-08-01 18:53:32.520 - Info	Processing Component: CustomControls
2024-08-01 18:53:32.527 - Info	 - POCProMxContact.ContactControl
2024-08-01 18:53:32.531 - Info	Processing Component: SolutionPluginAssemblies
2024-08-01 18:53:32.532 - Info	Processing Component: EntityDataProviders
2024-08-01 18:53:32.536 - Info	Processing Sharded Component Files
2024-08-01 18:53:32.571 - Info	
Unmanaged Pack complete.

2024-08-02 19:52:11.124 - Info	
Packing C:\Users\6143115\source\repos\PCPOCPRO\Solutions\obj\Debug\Metadata to bin\Debug\Solutions.zip

2024-08-02 19:52:11.135 - Info	Processing Component: Entities
2024-08-02 19:52:11.137 - Info	Processing Component: Roles
2024-08-02 19:52:11.140 - Info	Processing Component: Workflows
2024-08-02 19:52:11.140 - Info	Processing Component: FieldSecurityProfiles
2024-08-02 19:52:11.141 - Info	Processing Component: Templates
2024-08-02 19:52:11.142 - Info	Processing Component: EntityMaps
2024-08-02 19:52:11.143 - Info	Processing Component: EntityRelationships
2024-08-02 19:52:11.145 - Info	Processing Component: OrganizationSettings
2024-08-02 19:52:11.146 - Info	Processing Component: optionsets
2024-08-02 19:52:11.146 - Info	Processing Component: CustomControls
2024-08-02 19:52:11.153 - Info	 - POCProMxContact.ContactControl
2024-08-02 19:52:11.156 - Info	Processing Component: SolutionPluginAssemblies
2024-08-02 19:52:11.157 - Info	Processing Component: EntityDataProviders
2024-08-02 19:52:11.162 - Info	Processing Sharded Component Files
2024-08-02 19:52:11.192 - Info	
Unmanaged Pack complete.

2024-08-05 17:49:03.804 - Info	
Packing C:\Users\6143115\source\repos\PCPOCPRO\Solutions\obj\Debug\Metadata to bin\Debug\Solutions.zip

2024-08-05 17:49:03.815 - Info	Processing Component: Entities
2024-08-05 17:49:03.817 - Info	Processing Component: Roles
2024-08-05 17:49:03.820 - Info	Processing Component: Workflows
2024-08-05 17:49:03.820 - Info	Processing Component: FieldSecurityProfiles
2024-08-05 17:49:03.821 - Info	Processing Component: Templates
2024-08-05 17:49:03.822 - Info	Processing Component: EntityMaps
2024-08-05 17:49:03.822 - Info	Processing Component: EntityRelationships
2024-08-05 17:49:03.825 - Info	Processing Component: OrganizationSettings
2024-08-05 17:49:03.826 - Info	Processing Component: optionsets
2024-08-05 17:49:03.827 - Info	Processing Component: CustomControls
2024-08-05 17:49:03.834 - Info	 - POCProMxContact.ContactControl
2024-08-05 17:49:03.837 - Info	Processing Component: SolutionPluginAssemblies
2024-08-05 17:49:03.838 - Info	Processing Component: EntityDataProviders
2024-08-05 17:49:03.843 - Info	Processing Sharded Component Files
2024-08-05 17:49:03.877 - Info	
Unmanaged Pack complete.

2024-08-05 18:08:02.751 - Info	
Packing C:\Users\6143115\source\repos\PCPOCPRO\Solutions\obj\Debug\Metadata to bin\Debug\Solutions.zip

2024-08-05 18:08:02.762 - Info	Processing Component: Entities
2024-08-05 18:08:02.765 - Info	Processing Component: Roles
2024-08-05 18:08:02.767 - Info	Processing Component: Workflows
2024-08-05 18:08:02.768 - Info	Processing Component: FieldSecurityProfiles
2024-08-05 18:08:02.769 - Info	Processing Component: Templates
2024-08-05 18:08:02.770 - Info	Processing Component: EntityMaps
2024-08-05 18:08:02.771 - Info	Processing Component: EntityRelationships
2024-08-05 18:08:02.773 - Info	Processing Component: OrganizationSettings
2024-08-05 18:08:02.774 - Info	Processing Component: optionsets
2024-08-05 18:08:02.775 - Info	Processing Component: CustomControls
2024-08-05 18:08:02.783 - Info	 - POCProMxContact.ContactControl
2024-08-05 18:08:02.787 - Info	Processing Component: SolutionPluginAssemblies
2024-08-05 18:08:02.788 - Info	Processing Component: EntityDataProviders
2024-08-05 18:08:02.794 - Info	Processing Sharded Component Files
2024-08-05 18:08:02.832 - Info	
Unmanaged Pack complete.

2024-08-05 18:19:49.427 - Info	
Packing C:\Users\6143115\source\repos\PCPOCPRO\Solutions\obj\Debug\Metadata to bin\Debug\Solutions.zip

2024-08-05 18:19:49.438 - Info	Processing Component: Entities
2024-08-05 18:19:49.440 - Info	Processing Component: Roles
2024-08-05 18:19:49.442 - Info	Processing Component: Workflows
2024-08-05 18:19:49.443 - Info	Processing Component: FieldSecurityProfiles
2024-08-05 18:19:49.443 - Info	Processing Component: Templates
2024-08-05 18:19:49.444 - Info	Processing Component: EntityMaps
2024-08-05 18:19:49.444 - Info	Processing Component: EntityRelationships
2024-08-05 18:19:49.447 - Info	Processing Component: OrganizationSettings
2024-08-05 18:19:49.447 - Info	Processing Component: optionsets
2024-08-05 18:19:49.448 - Info	Processing Component: CustomControls
2024-08-05 18:19:49.454 - Info	 - POCProMxContact.ContactControl
2024-08-05 18:19:49.458 - Info	Processing Component: SolutionPluginAssemblies
2024-08-05 18:19:49.459 - Info	Processing Component: EntityDataProviders
2024-08-05 18:19:49.463 - Info	Processing Sharded Component Files
2024-08-05 18:19:49.493 - Info	
Unmanaged Pack complete.

2024-08-05 18:21:11.427 - Info	
Packing C:\Users\6143115\source\repos\PCPOCPRO\Solutions\obj\Debug\Metadata to bin\Debug\Solutions.zip

2024-08-05 18:21:11.442 - Info	Processing Component: Entities
2024-08-05 18:21:11.445 - Info	Processing Component: Roles
2024-08-05 18:21:11.447 - Info	Processing Component: Workflows
2024-08-05 18:21:11.448 - Info	Processing Component: FieldSecurityProfiles
2024-08-05 18:21:11.449 - Info	Processing Component: Templates
2024-08-05 18:21:11.450 - Info	Processing Component: EntityMaps
2024-08-05 18:21:11.450 - Info	Processing Component: EntityRelationships
2024-08-05 18:21:11.453 - Info	Processing Component: OrganizationSettings
2024-08-05 18:21:11.453 - Info	Processing Component: optionsets
2024-08-05 18:21:11.454 - Info	Processing Component: CustomControls
2024-08-05 18:21:11.461 - Info	 - POCProMxContact.ContactControl
2024-08-05 18:21:11.466 - Info	Processing Component: SolutionPluginAssemblies
2024-08-05 18:21:11.467 - Info	Processing Component: EntityDataProviders
2024-08-05 18:21:11.471 - Info	Processing Sharded Component Files
2024-08-05 18:21:11.510 - Info	
Unmanaged Pack complete.

2024-08-05 18:37:24.269 - Info	
Packing C:\Users\6143115\source\repos\PCPOCPRO\Solutions\obj\Debug\Metadata to bin\Debug\Solutions.zip

2024-08-05 18:37:24.281 - Info	Processing Component: Entities
2024-08-05 18:37:24.285 - Info	Processing Component: Roles
2024-08-05 18:37:24.288 - Info	Processing Component: Workflows
2024-08-05 18:37:24.289 - Info	Processing Component: FieldSecurityProfiles
2024-08-05 18:37:24.290 - Info	Processing Component: Templates
2024-08-05 18:37:24.291 - Info	Processing Component: EntityMaps
2024-08-05 18:37:24.291 - Info	Processing Component: EntityRelationships
2024-08-05 18:37:24.330 - Info	Processing Component: OrganizationSettings
2024-08-05 18:37:24.331 - Info	Processing Component: optionsets
2024-08-05 18:37:24.332 - Info	Processing Component: CustomControls
2024-08-05 18:37:24.347 - Info	 - POCProMxContact.ContactControl
2024-08-05 18:37:24.354 - Info	Processing Component: SolutionPluginAssemblies
2024-08-05 18:37:24.355 - Info	Processing Component: EntityDataProviders
2024-08-05 18:37:24.360 - Info	Processing Sharded Component Files
2024-08-05 18:37:24.399 - Info	
Unmanaged Pack complete.

2024-08-05 18:47:09.126 - Info	
Packing C:\Users\6143115\source\repos\PCPOCPRO\Solutions\obj\Debug\Metadata to bin\Debug\Solutions.zip

2024-08-05 18:47:09.137 - Info	Processing Component: Entities
2024-08-05 18:47:09.140 - Info	Processing Component: Roles
2024-08-05 18:47:09.142 - Info	Processing Component: Workflows
2024-08-05 18:47:09.143 - Info	Processing Component: FieldSecurityProfiles
2024-08-05 18:47:09.144 - Info	Processing Component: Templates
2024-08-05 18:47:09.144 - Info	Processing Component: EntityMaps
2024-08-05 18:47:09.145 - Info	Processing Component: EntityRelationships
2024-08-05 18:47:09.147 - Info	Processing Component: OrganizationSettings
2024-08-05 18:47:09.148 - Info	Processing Component: optionsets
2024-08-05 18:47:09.149 - Info	Processing Component: CustomControls
2024-08-05 18:47:09.156 - Info	 - POCProMxContact.ContactControl
2024-08-05 18:47:09.160 - Info	Processing Component: SolutionPluginAssemblies
2024-08-05 18:47:09.161 - Info	Processing Component: EntityDataProviders
2024-08-05 18:47:09.165 - Info	Processing Sharded Component Files
2024-08-05 18:47:09.198 - Info	
Unmanaged Pack complete.

2024-08-05 22:17:15.584 - Info	
Packing C:\Users\6143115\source\repos\PCPOCPRO\Solutions\obj\Debug\Metadata to bin\Debug\Solutions.zip

2024-08-05 22:17:15.595 - Info	Processing Component: Entities
2024-08-05 22:17:15.597 - Info	Processing Component: Roles
2024-08-05 22:17:15.600 - Info	Processing Component: Workflows
2024-08-05 22:17:15.600 - Info	Processing Component: FieldSecurityProfiles
2024-08-05 22:17:15.601 - Info	Processing Component: Templates
2024-08-05 22:17:15.602 - Info	Processing Component: EntityMaps
2024-08-05 22:17:15.603 - Info	Processing Component: EntityRelationships
2024-08-05 22:17:15.605 - Info	Processing Component: OrganizationSettings
2024-08-05 22:17:15.606 - Info	Processing Component: optionsets
2024-08-05 22:17:15.606 - Info	Processing Component: CustomControls
2024-08-05 22:17:15.613 - Info	 - POCProMxContact.ContactControl
2024-08-05 22:17:15.617 - Info	Processing Component: SolutionPluginAssemblies
2024-08-05 22:17:15.618 - Info	Processing Component: EntityDataProviders
2024-08-05 22:17:15.622 - Info	Processing Sharded Component Files
2024-08-05 22:17:15.650 - Info	
Unmanaged Pack complete.

2024-08-05 22:30:33.451 - Info	
Packing C:\Users\6143115\source\repos\PCPOCPRO\Solutions\obj\Debug\Metadata to bin\Debug\Solutions.zip

2024-08-05 22:30:33.466 - Info	Processing Component: Entities
2024-08-05 22:30:33.469 - Info	Processing Component: Roles
2024-08-05 22:30:33.472 - Info	Processing Component: Workflows
2024-08-05 22:30:33.472 - Info	Processing Component: FieldSecurityProfiles
2024-08-05 22:30:33.473 - Info	Processing Component: Templates
2024-08-05 22:30:33.474 - Info	Processing Component: EntityMaps
2024-08-05 22:30:33.475 - Info	Processing Component: EntityRelationships
2024-08-05 22:30:33.477 - Info	Processing Component: OrganizationSettings
2024-08-05 22:30:33.478 - Info	Processing Component: optionsets
2024-08-05 22:30:33.479 - Info	Processing Component: CustomControls
2024-08-05 22:30:33.487 - Info	 - POCProMxContact.ContactControl
2024-08-05 22:30:33.491 - Info	Processing Component: SolutionPluginAssemblies
2024-08-05 22:30:33.492 - Info	Processing Component: EntityDataProviders
2024-08-05 22:30:33.496 - Info	Processing Sharded Component Files
2024-08-05 22:30:33.531 - Info	
Unmanaged Pack complete.

2024-08-05 22:42:07.974 - Info	
Packing C:\Users\6143115\source\repos\PCPOCPRO\Solutions\obj\Debug\Metadata to bin\Debug\Solutions.zip

2024-08-05 22:42:07.985 - Info	Processing Component: Entities
2024-08-05 22:42:07.988 - Info	Processing Component: Roles
2024-08-05 22:42:07.990 - Info	Processing Component: Workflows
2024-08-05 22:42:07.991 - Info	Processing Component: FieldSecurityProfiles
2024-08-05 22:42:07.992 - Info	Processing Component: Templates
2024-08-05 22:42:07.992 - Info	Processing Component: EntityMaps
2024-08-05 22:42:07.993 - Info	Processing Component: EntityRelationships
2024-08-05 22:42:07.996 - Info	Processing Component: OrganizationSettings
2024-08-05 22:42:07.997 - Info	Processing Component: optionsets
2024-08-05 22:42:07.997 - Info	Processing Component: CustomControls
2024-08-05 22:42:08.004 - Info	 - POCProMxContact.ContactControl
2024-08-05 22:42:08.009 - Info	Processing Component: SolutionPluginAssemblies
2024-08-05 22:42:08.010 - Info	Processing Component: EntityDataProviders
2024-08-05 22:42:08.015 - Info	Processing Sharded Component Files
2024-08-05 22:42:08.050 - Info	
Unmanaged Pack complete.

2024-08-06 11:53:48.267 - Info	
Packing C:\Users\6143115\source\repos\PCPOCPRO\Solutions\obj\Debug\Metadata to bin\Debug\Solutions.zip

2024-08-06 11:53:48.280 - Info	Processing Component: Entities
2024-08-06 11:53:48.283 - Info	Processing Component: Roles
2024-08-06 11:53:48.286 - Info	Processing Component: Workflows
2024-08-06 11:53:48.287 - Info	Processing Component: FieldSecurityProfiles
2024-08-06 11:53:48.288 - Info	Processing Component: Templates
2024-08-06 11:53:48.289 - Info	Processing Component: EntityMaps
2024-08-06 11:53:48.289 - Info	Processing Component: EntityRelationships
2024-08-06 11:53:48.292 - Info	Processing Component: OrganizationSettings
2024-08-06 11:53:48.293 - Info	Processing Component: optionsets
2024-08-06 11:53:48.294 - Info	Processing Component: CustomControls
2024-08-06 11:53:48.303 - Info	 - POCProMxContact.ContactControl
2024-08-06 11:53:48.308 - Info	Processing Component: SolutionPluginAssemblies
2024-08-06 11:53:48.309 - Info	Processing Component: EntityDataProviders
2024-08-06 11:53:48.315 - Info	Processing Sharded Component Files
2024-08-06 11:53:48.353 - Info	
Unmanaged Pack complete.

2024-08-06 12:06:51.222 - Info	
Packing C:\Users\6143115\source\repos\PCPOCPRO\Solutions\obj\Debug\Metadata to bin\Debug\Solutions.zip

2024-08-06 12:06:51.236 - Info	Processing Component: Entities
2024-08-06 12:06:51.238 - Info	Processing Component: Roles
2024-08-06 12:06:51.275 - Info	Processing Component: Workflows
2024-08-06 12:06:51.276 - Info	Processing Component: FieldSecurityProfiles
2024-08-06 12:06:51.277 - Info	Processing Component: Templates
2024-08-06 12:06:51.278 - Info	Processing Component: EntityMaps
2024-08-06 12:06:51.278 - Info	Processing Component: EntityRelationships
2024-08-06 12:06:51.282 - Info	Processing Component: OrganizationSettings
2024-08-06 12:06:51.283 - Info	Processing Component: optionsets
2024-08-06 12:06:51.283 - Info	Processing Component: CustomControls
2024-08-06 12:06:51.295 - Info	 - POCProMxContact.ContactControl
2024-08-06 12:06:51.300 - Info	Processing Component: SolutionPluginAssemblies
2024-08-06 12:06:51.301 - Info	Processing Component: EntityDataProviders
2024-08-06 12:06:51.307 - Info	Processing Sharded Component Files
2024-08-06 12:06:51.341 - Info	
Unmanaged Pack complete.

2024-08-06 12:28:47.875 - Info	
Packing C:\Users\6143115\source\repos\PCPOCPRO\Solutions\obj\Debug\Metadata to bin\Debug\Solutions.zip

2024-08-06 12:28:47.887 - Info	Processing Component: Entities
2024-08-06 12:28:47.890 - Info	Processing Component: Roles
2024-08-06 12:28:47.892 - Info	Processing Component: Workflows
2024-08-06 12:28:47.893 - Info	Processing Component: FieldSecurityProfiles
2024-08-06 12:28:47.893 - Info	Processing Component: Templates
2024-08-06 12:28:47.894 - Info	Processing Component: EntityMaps
2024-08-06 12:28:47.895 - Info	Processing Component: EntityRelationships
2024-08-06 12:28:47.897 - Info	Processing Component: OrganizationSettings
2024-08-06 12:28:47.898 - Info	Processing Component: optionsets
2024-08-06 12:28:47.899 - Info	Processing Component: CustomControls
2024-08-06 12:28:47.928 - Info	 - POCProMxContact.ContactControl
2024-08-06 12:28:47.945 - Info	Processing Component: SolutionPluginAssemblies
2024-08-06 12:28:47.946 - Info	Processing Component: EntityDataProviders
2024-08-06 12:28:47.950 - Info	Processing Sharded Component Files
2024-08-06 12:28:47.987 - Info	
Unmanaged Pack complete.

2024-08-06 12:36:23.258 - Info	
Packing C:\Users\6143115\source\repos\PCPOCPRO\Solutions\obj\Debug\Metadata to bin\Debug\Solutions.zip

2024-08-06 12:36:23.268 - Info	Processing Component: Entities
2024-08-06 12:36:23.271 - Info	Processing Component: Roles
2024-08-06 12:36:23.273 - Info	Processing Component: Workflows
2024-08-06 12:36:23.273 - Info	Processing Component: FieldSecurityProfiles
2024-08-06 12:36:23.274 - Info	Processing Component: Templates
2024-08-06 12:36:23.275 - Info	Processing Component: EntityMaps
2024-08-06 12:36:23.276 - Info	Processing Component: EntityRelationships
2024-08-06 12:36:23.278 - Info	Processing Component: OrganizationSettings
2024-08-06 12:36:23.279 - Info	Processing Component: optionsets
2024-08-06 12:36:23.280 - Info	Processing Component: CustomControls
2024-08-06 12:36:23.287 - Info	 - POCProMxContact.ContactControl
2024-08-06 12:36:23.293 - Info	Processing Component: SolutionPluginAssemblies
2024-08-06 12:36:23.294 - Info	Processing Component: EntityDataProviders
2024-08-06 12:36:23.299 - Info	Processing Sharded Component Files
2024-08-06 12:36:23.337 - Info	
Unmanaged Pack complete.

